[debug] [2025-04-25T20:44:32.886Z] ----------------------------------------------------------------------
[debug] [2025-04-25T20:44:32.891Z] Command:       C:\Program Files\nodejs\node.exe C:\Users\agusb\AppData\Roaming\npm\node_modules\firebase-tools\lib\bin\firebase.js init
[debug] [2025-04-25T20:44:32.891Z] CLI Version:   14.2.1
[debug] [2025-04-25T20:44:32.892Z] Platform:      win32
[debug] [2025-04-25T20:44:32.892Z] Node Version:  v22.15.0
[debug] [2025-04-25T20:44:32.892Z] Time:          Fri Apr 25 2025 17:44:32 GMT-0300 (hora estándar de Argentina)
[debug] [2025-04-25T20:44:32.892Z] ----------------------------------------------------------------------
[debug] 
[debug] [2025-04-25T20:44:33.177Z] > command requires scopes: ["email","openid","https://www.googleapis.com/auth/cloudplatformprojects.readonly","https://www.googleapis.com/auth/firebase","https://www.googleapis.com/auth/cloud-platform"]
[debug] [2025-04-25T20:44:33.178Z] > authorizing via signed-in user (agus.barci1270@gmail.com)
[info] 
     ######## #### ########  ######## ########     ###     ######  ########
     ##        ##  ##     ## ##       ##     ##  ##   ##  ##       ##
     ######    ##  ########  ######   ########  #########  ######  ######
     ##        ##  ##    ##  ##       ##     ## ##     ##       ## ##
     ##       #### ##     ## ######## ########  ##     ##  ######  ########

You're about to initialize a Firebase project in this directory:

  C:\Users\agusb\Desktop\final

Before we get started, keep in mind:

  * You are initializing within an existing Firebase project directory

